<?xml version="1.0" encoding="UTF-8"?>
<!-- Generated by org.testng.reporters.JUnitReportReporter -->
<testsuite skipped="0" hostname="AZV2311-L2" name="com.Web.sample" tests="1" failures="0" timestamp="2020-07-21T23:49:31 CAT" time="27.377" errors="0">
  <testcase name="getDetails" time="27.377" classname="com.Web.sample"/>
  <system-out/>
</testsuite> <!-- com.Web.sample -->
