<?xml version="1.0" encoding="UTF-8"?>
<!-- Generated by org.testng.reporters.JUnitReportReporter -->
<testsuite skipped="0" hostname="AZV2311-L2" name="com.Web.TC_02AddUser" tests="1" failures="0" timestamp="2020-08-18T07:17:41 CAT" time="45.174" errors="0">
  <testcase name="Adduser" time="45.174" classname="com.Web.TC_02AddUser"/>
  <system-out/>
</testsuite> <!-- com.Web.TC_02AddUser -->
