<?xml version="1.0" encoding="UTF-8"?>
<!-- Generated by org.testng.reporters.JUnitReportReporter -->
<testsuite skipped="0" hostname="AZV2311-L2" name="com.Web.TC_02ValidateUser" tests="1" failures="0" timestamp="2020-07-21T22:29:24 CAT" time="36.810" errors="0">
  <testcase name="Adduser" time="36.810" classname="com.Web.TC_02ValidateUser"/>
  <system-out/>
</testsuite> <!-- com.Web.TC_02ValidateUser -->
