<?xml version="1.0" encoding="UTF-8"?>
<!-- Generated by org.testng.reporters.JUnitReportReporter -->
<testsuite skipped="0" hostname="AZV2311-L2" name="com.Web.TC_02AddUser" tests="1" failures="0" timestamp="2020-07-22T08:47:16 CAT" time="34.885" errors="0">
  <testcase name="Adduser" time="34.885" classname="com.Web.TC_02AddUser"/>
  <system-out/>
</testsuite> <!-- com.Web.TC_02AddUser -->
