<?xml version="1.0" encoding="UTF-8"?>
<!-- Generated by org.testng.reporters.JUnitReportReporter -->
<testsuite skipped="0" hostname="AZV2311-L2" name="com.Web.TC_01OpenURL" tests="1" failures="0" timestamp="2020-07-21T12:55:26 CAT" time="39.624" errors="0">
  <testcase name="openURL" time="39.624" classname="com.Web.TC_01OpenURL"/>
  <system-out/>
</testsuite> <!-- com.Web.TC_01OpenURL -->
