<?xml version="1.0" encoding="UTF-8"?>
<!-- Generated by org.testng.reporters.JUnitReportReporter -->
<testsuite skipped="0" hostname="AZV2311-L2" name="com.Web.TC_03ValidateUser" tests="1" failures="0" timestamp="2020-08-18T07:19:16 CAT" time="33.738" errors="0">
  <testcase name="getDetails" time="33.738" classname="com.Web.TC_03ValidateUser"/>
  <system-out/>
</testsuite> <!-- com.Web.TC_03ValidateUser -->
