<?xml version="1.0" encoding="UTF-8"?>
<!-- Generated by org.testng.reporters.JUnitReportReporter -->
<testsuite skipped="0" hostname="AZV2311-L2" name="com.Web.TC_01Additem" tests="1" failures="0" timestamp="2020-07-21T16:07:32 CAT" time="42.146" errors="0">
  <testcase name="additem" time="42.146" classname="com.Web.TC_01Additem"/>
  <system-out/>
</testsuite> <!-- com.Web.TC_01Additem -->
